2024-09-09T22:38:36.547+05:30  INFO 15855 --- [assignment.manikjain] [main] c.m.n.a.m.c.PlayerControllerTest         : Starting PlayerControllerTest using Java 17.0.6 with PID 15855 (started by manikjain in /Users/manikjain/SpringBoot/assignment.manikjain)
2024-09-09T22:38:36.548+05:30  INFO 15855 --- [assignment.manikjain] [main] c.m.n.a.m.c.PlayerControllerTest         : No active profile set, falling back to 1 default profile: "default"
2024-09-09T22:38:37.566+05:30  INFO 15855 --- [assignment.manikjain] [main] o.s.b.t.m.w.SpringBootMockServletContext : Initializing Spring TestDispatcherServlet ''
2024-09-09T22:38:37.566+05:30  INFO 15855 --- [assignment.manikjain] [main] o.s.t.web.servlet.TestDispatcherServlet  : Initializing Servlet ''
2024-09-09T22:38:37.567+05:30  INFO 15855 --- [assignment.manikjain] [main] o.s.t.web.servlet.TestDispatcherServlet  : Completed initialization in 0 ms
2024-09-09T22:38:37.585+05:30  INFO 15855 --- [assignment.manikjain] [main] c.m.n.a.m.c.PlayerControllerTest         : Started PlayerControllerTest in 1.194 seconds (process running for 1.71)
2024-09-09T22:38:37.684+05:30  WARN 15855 --- [assignment.manikjain] [main] .w.s.m.s.DefaultHandlerExceptionResolver : Resolved [org.springframework.http.converter.HttpMessageNotReadableException: Required request body is missing: public com.mj.nttdata.assignment.manikjain.model.Player com.mj.nttdata.assignment.manikjain.controller.PlayerController.updatePlayer(com.mj.nttdata.assignment.manikjain.model.UpdatePlayer)]
2024-09-09T22:38:37.689+05:30  WARN 15855 --- [assignment.manikjain] [main] .w.s.m.s.DefaultHandlerExceptionResolver : Resolved [org.springframework.web.HttpRequestMethodNotSupportedException: Request method 'DELETE' is not supported]
2024-09-09T22:38:37.692+05:30  WARN 15855 --- [assignment.manikjain] [main] .w.s.m.s.DefaultHandlerExceptionResolver : Resolved [org.springframework.http.converter.HttpMessageNotReadableException: Required request body is missing: public com.mj.nttdata.assignment.manikjain.model.Player com.mj.nttdata.assignment.manikjain.controller.PlayerController.createPlayer(com.mj.nttdata.assignment.manikjain.model.CreatePlayer)]
2024-09-09T22:38:43.950+05:30  INFO 15857 --- [assignment.manikjain] [main] c.m.n.a.m.service.PlayerServiceTest      : Starting PlayerServiceTest using Java 17.0.6 with PID 15857 (started by manikjain in /Users/manikjain/SpringBoot/assignment.manikjain)
2024-09-09T22:38:43.951+05:30  INFO 15857 --- [assignment.manikjain] [main] c.m.n.a.m.service.PlayerServiceTest      : No active profile set, falling back to 1 default profile: "default"
2024-09-09T22:38:44.460+05:30  INFO 15857 --- [assignment.manikjain] [main] .s.d.r.c.RepositoryConfigurationDelegate : Bootstrapping Spring Data JPA repositories in DEFAULT mode.
2024-09-09T22:38:44.485+05:30  INFO 15857 --- [assignment.manikjain] [main] .s.d.r.c.RepositoryConfigurationDelegate : Finished Spring Data repository scanning in 19 ms. Found 1 JPA repository interface.
2024-09-09T22:38:45.436+05:30  INFO 15857 --- [assignment.manikjain] [main] o.hibernate.jpa.internal.util.LogHelper  : HHH000204: Processing PersistenceUnitInfo [name: default]
2024-09-09T22:38:45.474+05:30  INFO 15857 --- [assignment.manikjain] [main] org.hibernate.Version                    : HHH000412: Hibernate ORM core version 6.5.2.Final
2024-09-09T22:38:45.495+05:30  INFO 15857 --- [assignment.manikjain] [main] o.h.c.internal.RegionFactoryInitiator    : HHH000026: Second-level cache disabled
2024-09-09T22:38:45.563+05:30  INFO 15857 --- [assignment.manikjain] [main] o.s.o.j.p.SpringPersistenceUnitInfo      : No LoadTimeWeaver setup: ignoring JPA class transformer
2024-09-09T22:38:45.580+05:30  INFO 15857 --- [assignment.manikjain] [main] com.zaxxer.hikari.HikariDataSource       : HikariPool-1 - Starting...
2024-09-09T22:38:45.680+05:30  INFO 15857 --- [assignment.manikjain] [main] com.zaxxer.hikari.pool.HikariPool        : HikariPool-1 - Added connection conn0: url=jdbc:h2:mem:nttdata user=ADMIN
2024-09-09T22:38:45.681+05:30  INFO 15857 --- [assignment.manikjain] [main] com.zaxxer.hikari.HikariDataSource       : HikariPool-1 - Start completed.
2024-09-09T22:38:45.700+05:30  WARN 15857 --- [assignment.manikjain] [main] org.hibernate.orm.deprecation            : HHH90000025: H2Dialect does not need to be specified explicitly using 'hibernate.dialect' (remove the property setting and it will be selected by default)
2024-09-09T22:38:46.093+05:30  INFO 15857 --- [assignment.manikjain] [main] o.h.e.t.j.p.i.JtaPlatformInitiator       : HHH000489: No JTA platform available (set 'hibernate.transaction.jta.platform' to enable JTA platform integration)
2024-09-09T22:38:46.122+05:30  INFO 15857 --- [assignment.manikjain] [main] j.LocalContainerEntityManagerFactoryBean : Initialized JPA EntityManagerFactory for persistence unit 'default'
2024-09-09T22:38:46.319+05:30  WARN 15857 --- [assignment.manikjain] [main] JpaBaseConfiguration$JpaWebConfiguration : spring.jpa.open-in-view is enabled by default. Therefore, database queries may be performed during view rendering. Explicitly configure spring.jpa.open-in-view to disable this warning
2024-09-09T22:38:46.854+05:30  INFO 15857 --- [assignment.manikjain] [main] o.s.b.a.h2.H2ConsoleAutoConfiguration    : H2 console available at '/h2-console'. Database available at 'jdbc:h2:mem:nttdata'
2024-09-09T22:38:46.880+05:30  INFO 15857 --- [assignment.manikjain] [main] o.s.b.a.e.web.EndpointLinksResolver      : Exposing 15 endpoints beneath base path '/actuator'
2024-09-09T22:38:46.928+05:30  INFO 15857 --- [assignment.manikjain] [main] c.m.n.a.m.service.PlayerServiceTest      : Started PlayerServiceTest in 3.145 seconds (process running for 3.634)
2024-09-09T22:38:47.007+05:30  INFO 15857 --- [assignment.manikjain] [SpringApplicationShutdownHook] j.LocalContainerEntityManagerFactoryBean : Closing JPA EntityManagerFactory for persistence unit 'default'
2024-09-09T22:38:47.008+05:30  INFO 15857 --- [assignment.manikjain] [SpringApplicationShutdownHook] com.zaxxer.hikari.HikariDataSource       : HikariPool-1 - Shutdown initiated...
2024-09-09T22:38:47.010+05:30  INFO 15857 --- [assignment.manikjain] [SpringApplicationShutdownHook] com.zaxxer.hikari.HikariDataSource       : HikariPool-1 - Shutdown completed.
2024-09-09T22:39:51.456+05:30  INFO 15912 --- [assignment.manikjain] [main] c.m.n.assignment.manikjain.Application   : Starting Application using Java 17.0.6 with PID 15912 (/Users/manikjain/SpringBoot/assignment.manikjain/target/classes started by manikjain in /Users/manikjain/SpringBoot/assignment.manikjain)
2024-09-09T22:39:51.457+05:30  INFO 15912 --- [assignment.manikjain] [main] c.m.n.assignment.manikjain.Application   : No active profile set, falling back to 1 default profile: "default"
2024-09-09T22:39:51.918+05:30  INFO 15912 --- [assignment.manikjain] [main] .s.d.r.c.RepositoryConfigurationDelegate : Bootstrapping Spring Data JPA repositories in DEFAULT mode.
2024-09-09T22:39:51.943+05:30  INFO 15912 --- [assignment.manikjain] [main] .s.d.r.c.RepositoryConfigurationDelegate : Finished Spring Data repository scanning in 20 ms. Found 1 JPA repository interface.
2024-09-09T22:39:52.261+05:30  INFO 15912 --- [assignment.manikjain] [main] o.s.b.w.embedded.tomcat.TomcatWebServer  : Tomcat initialized with port 8080 (http)
2024-09-09T22:39:52.268+05:30  INFO 15912 --- [assignment.manikjain] [main] o.apache.catalina.core.StandardService   : Starting service [Tomcat]
2024-09-09T22:39:52.268+05:30  INFO 15912 --- [assignment.manikjain] [main] o.apache.catalina.core.StandardEngine    : Starting Servlet engine: [Apache Tomcat/10.1.28]
2024-09-09T22:39:52.305+05:30  INFO 15912 --- [assignment.manikjain] [main] o.a.c.c.C.[Tomcat].[localhost].[/]       : Initializing Spring embedded WebApplicationContext
2024-09-09T22:39:52.306+05:30  INFO 15912 --- [assignment.manikjain] [main] w.s.c.ServletWebServerApplicationContext : Root WebApplicationContext: initialization completed in 825 ms
2024-09-09T22:39:52.367+05:30  INFO 15912 --- [assignment.manikjain] [main] com.zaxxer.hikari.HikariDataSource       : HikariPool-1 - Starting...
2024-09-09T22:39:52.444+05:30  INFO 15912 --- [assignment.manikjain] [main] com.zaxxer.hikari.pool.HikariPool        : HikariPool-1 - Added connection conn0: url=jdbc:h2:mem:nttdata user=ADMIN
2024-09-09T22:39:52.445+05:30  INFO 15912 --- [assignment.manikjain] [main] com.zaxxer.hikari.HikariDataSource       : HikariPool-1 - Start completed.
2024-09-09T22:39:52.450+05:30  INFO 15912 --- [assignment.manikjain] [main] o.s.b.a.h2.H2ConsoleAutoConfiguration    : H2 console available at '/h2-console'. Database available at 'jdbc:h2:mem:nttdata'
2024-09-09T22:39:52.541+05:30  INFO 15912 --- [assignment.manikjain] [main] o.hibernate.jpa.internal.util.LogHelper  : HHH000204: Processing PersistenceUnitInfo [name: default]
2024-09-09T22:39:52.562+05:30  INFO 15912 --- [assignment.manikjain] [main] org.hibernate.Version                    : HHH000412: Hibernate ORM core version 6.5.2.Final
2024-09-09T22:39:52.579+05:30  INFO 15912 --- [assignment.manikjain] [main] o.h.c.internal.RegionFactoryInitiator    : HHH000026: Second-level cache disabled
2024-09-09T22:39:52.692+05:30  INFO 15912 --- [assignment.manikjain] [main] o.s.o.j.p.SpringPersistenceUnitInfo      : No LoadTimeWeaver setup: ignoring JPA class transformer
2024-09-09T22:39:52.711+05:30  WARN 15912 --- [assignment.manikjain] [main] org.hibernate.orm.deprecation            : HHH90000025: H2Dialect does not need to be specified explicitly using 'hibernate.dialect' (remove the property setting and it will be selected by default)
2024-09-09T22:39:53.055+05:30  INFO 15912 --- [assignment.manikjain] [main] o.h.e.t.j.p.i.JtaPlatformInitiator       : HHH000489: No JTA platform available (set 'hibernate.transaction.jta.platform' to enable JTA platform integration)
2024-09-09T22:39:53.083+05:30  INFO 15912 --- [assignment.manikjain] [main] j.LocalContainerEntityManagerFactoryBean : Initialized JPA EntityManagerFactory for persistence unit 'default'
2024-09-09T22:39:53.316+05:30  WARN 15912 --- [assignment.manikjain] [main] JpaBaseConfiguration$JpaWebConfiguration : spring.jpa.open-in-view is enabled by default. Therefore, database queries may be performed during view rendering. Explicitly configure spring.jpa.open-in-view to disable this warning
2024-09-09T22:39:53.668+05:30  INFO 15912 --- [assignment.manikjain] [main] o.s.b.a.e.web.EndpointLinksResolver      : Exposing 15 endpoints beneath base path '/actuator'
2024-09-09T22:39:53.719+05:30  INFO 15912 --- [assignment.manikjain] [main] o.s.b.w.embedded.tomcat.TomcatWebServer  : Tomcat started on port 8080 (http) with context path '/'
2024-09-09T22:39:53.734+05:30  INFO 15912 --- [assignment.manikjain] [main] c.m.n.assignment.manikjain.Application   : Started Application in 2.471 seconds (process running for 2.667)
2024-09-09T22:41:35.763+05:30  INFO 15912 --- [assignment.manikjain] [http-nio-8080-exec-2] o.a.c.c.C.[Tomcat].[localhost].[/]       : Initializing Spring DispatcherServlet 'dispatcherServlet'
2024-09-09T22:41:35.764+05:30  INFO 15912 --- [assignment.manikjain] [http-nio-8080-exec-2] o.s.web.servlet.DispatcherServlet        : Initializing Servlet 'dispatcherServlet'
2024-09-09T22:41:35.765+05:30  INFO 15912 --- [assignment.manikjain] [http-nio-8080-exec-2] o.s.web.servlet.DispatcherServlet        : Completed initialization in 1 ms
2024-09-09T22:42:18.532+05:30 ERROR 15912 --- [assignment.manikjain] [http-nio-8080-exec-5] o.a.c.c.C.[.[.[/].[dispatcherServlet]    : Servlet.service() for servlet [dispatcherServlet] in context with path [] threw exception [Request processing failed: java.lang.IllegalArgumentException: No enum constant com.mj.nttdata.assignment.manikjain.enums.Country.INDIA] with root cause

java.lang.IllegalArgumentException: No enum constant com.mj.nttdata.assignment.manikjain.enums.Country.INDIA
	at java.base/java.lang.Enum.valueOf(Enum.java:273) ~[na:na]
	at com.mj.nttdata.assignment.manikjain.enums.Country.valueOf(Country.java:3) ~[classes/:na]
	at com.mj.nttdata.assignment.manikjain.service.PlayerService.updatePlayer(PlayerService.java:111) ~[classes/:na]
	at com.mj.nttdata.assignment.manikjain.controller.PlayerController.updatePlayer(PlayerController.java:48) ~[classes/:na]
	at java.base/jdk.internal.reflect.NativeMethodAccessorImpl.invoke0(Native Method) ~[na:na]
	at java.base/jdk.internal.reflect.NativeMethodAccessorImpl.invoke(NativeMethodAccessorImpl.java:77) ~[na:na]
	at java.base/jdk.internal.reflect.DelegatingMethodAccessorImpl.invoke(DelegatingMethodAccessorImpl.java:43) ~[na:na]
	at java.base/java.lang.reflect.Method.invoke(Method.java:568) ~[na:na]
	at org.springframework.web.method.support.InvocableHandlerMethod.doInvoke(InvocableHandlerMethod.java:255) ~[spring-web-6.1.12.jar:6.1.12]
	at org.springframework.web.method.support.InvocableHandlerMethod.invokeForRequest(InvocableHandlerMethod.java:188) ~[spring-web-6.1.12.jar:6.1.12]
	at org.springframework.web.servlet.mvc.method.annotation.ServletInvocableHandlerMethod.invokeAndHandle(ServletInvocableHandlerMethod.java:118) ~[spring-webmvc-6.1.12.jar:6.1.12]
	at org.springframework.web.servlet.mvc.method.annotation.RequestMappingHandlerAdapter.invokeHandlerMethod(RequestMappingHandlerAdapter.java:926) ~[spring-webmvc-6.1.12.jar:6.1.12]
	at org.springframework.web.servlet.mvc.method.annotation.RequestMappingHandlerAdapter.handleInternal(RequestMappingHandlerAdapter.java:831) ~[spring-webmvc-6.1.12.jar:6.1.12]
	at org.springframework.web.servlet.mvc.method.AbstractHandlerMethodAdapter.handle(AbstractHandlerMethodAdapter.java:87) ~[spring-webmvc-6.1.12.jar:6.1.12]
	at org.springframework.web.servlet.DispatcherServlet.doDispatch(DispatcherServlet.java:1089) ~[spring-webmvc-6.1.12.jar:6.1.12]
	at org.springframework.web.servlet.DispatcherServlet.doService(DispatcherServlet.java:979) ~[spring-webmvc-6.1.12.jar:6.1.12]
	at org.springframework.web.servlet.FrameworkServlet.processRequest(FrameworkServlet.java:1014) ~[spring-webmvc-6.1.12.jar:6.1.12]
	at org.springframework.web.servlet.FrameworkServlet.doPut(FrameworkServlet.java:925) ~[spring-webmvc-6.1.12.jar:6.1.12]
	at jakarta.servlet.http.HttpServlet.service(HttpServlet.java:593) ~[tomcat-embed-core-10.1.28.jar:6.0]
	at org.springframework.web.servlet.FrameworkServlet.service(FrameworkServlet.java:885) ~[spring-webmvc-6.1.12.jar:6.1.12]
	at jakarta.servlet.http.HttpServlet.service(HttpServlet.java:658) ~[tomcat-embed-core-10.1.28.jar:6.0]
	at org.apache.catalina.core.ApplicationFilterChain.internalDoFilter(ApplicationFilterChain.java:195) ~[tomcat-embed-core-10.1.28.jar:10.1.28]
	at org.apache.catalina.core.ApplicationFilterChain.doFilter(ApplicationFilterChain.java:140) ~[tomcat-embed-core-10.1.28.jar:10.1.28]
	at org.apache.tomcat.websocket.server.WsFilter.doFilter(WsFilter.java:51) ~[tomcat-embed-websocket-10.1.28.jar:10.1.28]
	at org.apache.catalina.core.ApplicationFilterChain.internalDoFilter(ApplicationFilterChain.java:164) ~[tomcat-embed-core-10.1.28.jar:10.1.28]
	at org.apache.catalina.core.ApplicationFilterChain.doFilter(ApplicationFilterChain.java:140) ~[tomcat-embed-core-10.1.28.jar:10.1.28]
	at org.springframework.web.filter.RequestContextFilter.doFilterInternal(RequestContextFilter.java:100) ~[spring-web-6.1.12.jar:6.1.12]
	at org.springframework.web.filter.OncePerRequestFilter.doFilter(OncePerRequestFilter.java:116) ~[spring-web-6.1.12.jar:6.1.12]
	at org.apache.catalina.core.ApplicationFilterChain.internalDoFilter(ApplicationFilterChain.java:164) ~[tomcat-embed-core-10.1.28.jar:10.1.28]
	at org.apache.catalina.core.ApplicationFilterChain.doFilter(ApplicationFilterChain.java:140) ~[tomcat-embed-core-10.1.28.jar:10.1.28]
	at org.springframework.web.filter.FormContentFilter.doFilterInternal(FormContentFilter.java:93) ~[spring-web-6.1.12.jar:6.1.12]
	at org.springframework.web.filter.OncePerRequestFilter.doFilter(OncePerRequestFilter.java:116) ~[spring-web-6.1.12.jar:6.1.12]
	at org.apache.catalina.core.ApplicationFilterChain.internalDoFilter(ApplicationFilterChain.java:164) ~[tomcat-embed-core-10.1.28.jar:10.1.28]
	at org.apache.catalina.core.ApplicationFilterChain.doFilter(ApplicationFilterChain.java:140) ~[tomcat-embed-core-10.1.28.jar:10.1.28]
	at org.springframework.web.filter.ServerHttpObservationFilter.doFilterInternal(ServerHttpObservationFilter.java:113) ~[spring-web-6.1.12.jar:6.1.12]
	at org.springframework.web.filter.OncePerRequestFilter.doFilter(OncePerRequestFilter.java:116) ~[spring-web-6.1.12.jar:6.1.12]
	at org.apache.catalina.core.ApplicationFilterChain.internalDoFilter(ApplicationFilterChain.java:164) ~[tomcat-embed-core-10.1.28.jar:10.1.28]
	at org.apache.catalina.core.ApplicationFilterChain.doFilter(ApplicationFilterChain.java:140) ~[tomcat-embed-core-10.1.28.jar:10.1.28]
	at org.springframework.web.filter.CharacterEncodingFilter.doFilterInternal(CharacterEncodingFilter.java:201) ~[spring-web-6.1.12.jar:6.1.12]
	at org.springframework.web.filter.OncePerRequestFilter.doFilter(OncePerRequestFilter.java:116) ~[spring-web-6.1.12.jar:6.1.12]
	at org.apache.catalina.core.ApplicationFilterChain.internalDoFilter(ApplicationFilterChain.java:164) ~[tomcat-embed-core-10.1.28.jar:10.1.28]
	at org.apache.catalina.core.ApplicationFilterChain.doFilter(ApplicationFilterChain.java:140) ~[tomcat-embed-core-10.1.28.jar:10.1.28]
	at org.apache.catalina.core.StandardWrapperValve.invoke(StandardWrapperValve.java:167) ~[tomcat-embed-core-10.1.28.jar:10.1.28]
	at org.apache.catalina.core.StandardContextValve.invoke(StandardContextValve.java:90) ~[tomcat-embed-core-10.1.28.jar:10.1.28]
	at org.apache.catalina.authenticator.AuthenticatorBase.invoke(AuthenticatorBase.java:483) ~[tomcat-embed-core-10.1.28.jar:10.1.28]
	at org.apache.catalina.core.StandardHostValve.invoke(StandardHostValve.java:115) ~[tomcat-embed-core-10.1.28.jar:10.1.28]
	at org.apache.catalina.valves.ErrorReportValve.invoke(ErrorReportValve.java:93) ~[tomcat-embed-core-10.1.28.jar:10.1.28]
	at org.apache.catalina.core.StandardEngineValve.invoke(StandardEngineValve.java:74) ~[tomcat-embed-core-10.1.28.jar:10.1.28]
	at org.apache.catalina.connector.CoyoteAdapter.service(CoyoteAdapter.java:344) ~[tomcat-embed-core-10.1.28.jar:10.1.28]
	at org.apache.coyote.http11.Http11Processor.service(Http11Processor.java:384) ~[tomcat-embed-core-10.1.28.jar:10.1.28]
	at org.apache.coyote.AbstractProcessorLight.process(AbstractProcessorLight.java:63) ~[tomcat-embed-core-10.1.28.jar:10.1.28]
	at org.apache.coyote.AbstractProtocol$ConnectionHandler.process(AbstractProtocol.java:904) ~[tomcat-embed-core-10.1.28.jar:10.1.28]
	at org.apache.tomcat.util.net.NioEndpoint$SocketProcessor.doRun(NioEndpoint.java:1741) ~[tomcat-embed-core-10.1.28.jar:10.1.28]
	at org.apache.tomcat.util.net.SocketProcessorBase.run(SocketProcessorBase.java:52) ~[tomcat-embed-core-10.1.28.jar:10.1.28]
	at org.apache.tomcat.util.threads.ThreadPoolExecutor.runWorker(ThreadPoolExecutor.java:1190) ~[tomcat-embed-core-10.1.28.jar:10.1.28]
	at org.apache.tomcat.util.threads.ThreadPoolExecutor$Worker.run(ThreadPoolExecutor.java:659) ~[tomcat-embed-core-10.1.28.jar:10.1.28]
	at org.apache.tomcat.util.threads.TaskThread$WrappingRunnable.run(TaskThread.java:63) ~[tomcat-embed-core-10.1.28.jar:10.1.28]
	at java.base/java.lang.Thread.run(Thread.java:833) ~[na:na]

2024-09-09T22:42:54.713+05:30  WARN 15912 --- [assignment.manikjain] [http-nio-8080-exec-8] .w.s.m.s.DefaultHandlerExceptionResolver : Resolved [org.springframework.web.bind.MethodArgumentNotValidException: Validation failed for argument [0] in public com.mj.nttdata.assignment.manikjain.model.Player com.mj.nttdata.assignment.manikjain.controller.PlayerController.updatePlayer(com.mj.nttdata.assignment.manikjain.model.UpdatePlayer): [Field error in object 'updatePlayer' on field 'id': rejected value [null]; codes [NotBlank.updatePlayer.id,NotBlank.id,NotBlank.java.lang.String,NotBlank]; arguments [org.springframework.context.support.DefaultMessageSourceResolvable: codes [updatePlayer.id,id]; arguments []; default message [id]]; default message [Id cannot be empty]] ]
2024-09-09T22:43:26.943+05:30 ERROR 15912 --- [assignment.manikjain] [http-nio-8080-exec-1] c.m.n.a.manikjain.service.PlayerService  : Invalid Player Id: {}
2024-09-09T22:44:02.734+05:30  INFO 15912 --- [assignment.manikjain] [SpringApplicationShutdownHook] j.LocalContainerEntityManagerFactoryBean : Closing JPA EntityManagerFactory for persistence unit 'default'
2024-09-09T22:44:02.736+05:30  INFO 15912 --- [assignment.manikjain] [SpringApplicationShutdownHook] com.zaxxer.hikari.HikariDataSource       : HikariPool-1 - Shutdown initiated...
2024-09-09T22:44:02.738+05:30  INFO 15912 --- [assignment.manikjain] [SpringApplicationShutdownHook] com.zaxxer.hikari.HikariDataSource       : HikariPool-1 - Shutdown completed.
2024-09-09T22:44:41.303+05:30  INFO 15959 --- [assignment.manikjain] [main] c.m.n.assignment.manikjain.Application   : Starting Application using Java 17.0.6 with PID 15959 (/Users/manikjain/SpringBoot/assignment.manikjain/target/classes started by manikjain in /Users/manikjain/SpringBoot/assignment.manikjain)
2024-09-09T22:44:41.304+05:30  INFO 15959 --- [assignment.manikjain] [main] c.m.n.assignment.manikjain.Application   : No active profile set, falling back to 1 default profile: "default"
2024-09-09T22:44:41.781+05:30  INFO 15959 --- [assignment.manikjain] [main] .s.d.r.c.RepositoryConfigurationDelegate : Bootstrapping Spring Data JPA repositories in DEFAULT mode.
2024-09-09T22:44:41.805+05:30  INFO 15959 --- [assignment.manikjain] [main] .s.d.r.c.RepositoryConfigurationDelegate : Finished Spring Data repository scanning in 20 ms. Found 1 JPA repository interface.
2024-09-09T22:44:42.135+05:30  INFO 15959 --- [assignment.manikjain] [main] o.s.b.w.embedded.tomcat.TomcatWebServer  : Tomcat initialized with port 8080 (http)
2024-09-09T22:44:42.140+05:30  INFO 15959 --- [assignment.manikjain] [main] o.apache.catalina.core.StandardService   : Starting service [Tomcat]
2024-09-09T22:44:42.140+05:30  INFO 15959 --- [assignment.manikjain] [main] o.apache.catalina.core.StandardEngine    : Starting Servlet engine: [Apache Tomcat/10.1.28]
2024-09-09T22:44:42.171+05:30  INFO 15959 --- [assignment.manikjain] [main] o.a.c.c.C.[Tomcat].[localhost].[/]       : Initializing Spring embedded WebApplicationContext
2024-09-09T22:44:42.171+05:30  INFO 15959 --- [assignment.manikjain] [main] w.s.c.ServletWebServerApplicationContext : Root WebApplicationContext: initialization completed in 844 ms
2024-09-09T22:44:42.241+05:30  INFO 15959 --- [assignment.manikjain] [main] com.zaxxer.hikari.HikariDataSource       : HikariPool-1 - Starting...
2024-09-09T22:44:42.318+05:30  INFO 15959 --- [assignment.manikjain] [main] com.zaxxer.hikari.pool.HikariPool        : HikariPool-1 - Added connection conn0: url=jdbc:h2:mem:nttdata user=ADMIN
2024-09-09T22:44:42.319+05:30  INFO 15959 --- [assignment.manikjain] [main] com.zaxxer.hikari.HikariDataSource       : HikariPool-1 - Start completed.
2024-09-09T22:44:42.325+05:30  INFO 15959 --- [assignment.manikjain] [main] o.s.b.a.h2.H2ConsoleAutoConfiguration    : H2 console available at '/h2-console'. Database available at 'jdbc:h2:mem:nttdata'
2024-09-09T22:44:42.412+05:30  INFO 15959 --- [assignment.manikjain] [main] o.hibernate.jpa.internal.util.LogHelper  : HHH000204: Processing PersistenceUnitInfo [name: default]
2024-09-09T22:44:42.433+05:30  INFO 15959 --- [assignment.manikjain] [main] org.hibernate.Version                    : HHH000412: Hibernate ORM core version 6.5.2.Final
2024-09-09T22:44:42.445+05:30  INFO 15959 --- [assignment.manikjain] [main] o.h.c.internal.RegionFactoryInitiator    : HHH000026: Second-level cache disabled
2024-09-09T22:44:42.555+05:30  INFO 15959 --- [assignment.manikjain] [main] o.s.o.j.p.SpringPersistenceUnitInfo      : No LoadTimeWeaver setup: ignoring JPA class transformer
2024-09-09T22:44:42.574+05:30  WARN 15959 --- [assignment.manikjain] [main] org.hibernate.orm.deprecation            : HHH90000025: H2Dialect does not need to be specified explicitly using 'hibernate.dialect' (remove the property setting and it will be selected by default)
2024-09-09T22:44:42.920+05:30  INFO 15959 --- [assignment.manikjain] [main] o.h.e.t.j.p.i.JtaPlatformInitiator       : HHH000489: No JTA platform available (set 'hibernate.transaction.jta.platform' to enable JTA platform integration)
2024-09-09T22:44:42.947+05:30  INFO 15959 --- [assignment.manikjain] [main] j.LocalContainerEntityManagerFactoryBean : Initialized JPA EntityManagerFactory for persistence unit 'default'
2024-09-09T22:44:43.174+05:30  WARN 15959 --- [assignment.manikjain] [main] JpaBaseConfiguration$JpaWebConfiguration : spring.jpa.open-in-view is enabled by default. Therefore, database queries may be performed during view rendering. Explicitly configure spring.jpa.open-in-view to disable this warning
2024-09-09T22:44:43.536+05:30  INFO 15959 --- [assignment.manikjain] [main] o.s.b.a.e.web.EndpointLinksResolver      : Exposing 15 endpoints beneath base path '/actuator'
2024-09-09T22:44:43.587+05:30  INFO 15959 --- [assignment.manikjain] [main] o.s.b.w.embedded.tomcat.TomcatWebServer  : Tomcat started on port 8080 (http) with context path '/'
2024-09-09T22:44:43.602+05:30  INFO 15959 --- [assignment.manikjain] [main] c.m.n.assignment.manikjain.Application   : Started Application in 2.493 seconds (process running for 2.697)
2024-09-09T22:44:56.587+05:30  INFO 15959 --- [assignment.manikjain] [http-nio-8080-exec-1] o.a.c.c.C.[Tomcat].[localhost].[/]       : Initializing Spring DispatcherServlet 'dispatcherServlet'
2024-09-09T22:44:56.588+05:30  INFO 15959 --- [assignment.manikjain] [http-nio-8080-exec-1] o.s.web.servlet.DispatcherServlet        : Initializing Servlet 'dispatcherServlet'
2024-09-09T22:44:56.590+05:30  INFO 15959 --- [assignment.manikjain] [http-nio-8080-exec-1] o.s.web.servlet.DispatcherServlet        : Completed initialization in 2 ms
2024-09-09T22:44:56.943+05:30  INFO 15959 --- [assignment.manikjain] [http-nio-8080-exec-9] o.springdoc.api.AbstractOpenApiResource  : Init duration for springdoc-openapi is: 157 ms
2024-09-09T22:56:50.800+05:30  INFO 15959 --- [assignment.manikjain] [SpringApplicationShutdownHook] j.LocalContainerEntityManagerFactoryBean : Closing JPA EntityManagerFactory for persistence unit 'default'
2024-09-09T22:56:50.804+05:30  INFO 15959 --- [assignment.manikjain] [SpringApplicationShutdownHook] com.zaxxer.hikari.HikariDataSource       : HikariPool-1 - Shutdown initiated...
2024-09-09T22:56:50.807+05:30  INFO 15959 --- [assignment.manikjain] [SpringApplicationShutdownHook] com.zaxxer.hikari.HikariDataSource       : HikariPool-1 - Shutdown completed.
2024-09-09T22:56:57.674+05:30  INFO 16321 --- [assignment.manikjain] [main] c.m.n.assignment.manikjain.Application   : Starting Application using Java 17.0.6 with PID 16321 (/Users/manikjain/SpringBoot/assignment.manikjain/target/classes started by manikjain in /Users/manikjain/SpringBoot/assignment.manikjain)
2024-09-09T22:56:57.676+05:30  INFO 16321 --- [assignment.manikjain] [main] c.m.n.assignment.manikjain.Application   : No active profile set, falling back to 1 default profile: "default"
2024-09-09T22:56:58.160+05:30  INFO 16321 --- [assignment.manikjain] [main] .s.d.r.c.RepositoryConfigurationDelegate : Bootstrapping Spring Data JPA repositories in DEFAULT mode.
2024-09-09T22:56:58.187+05:30  INFO 16321 --- [assignment.manikjain] [main] .s.d.r.c.RepositoryConfigurationDelegate : Finished Spring Data repository scanning in 24 ms. Found 1 JPA repository interface.
2024-09-09T22:56:58.518+05:30  INFO 16321 --- [assignment.manikjain] [main] o.s.b.w.embedded.tomcat.TomcatWebServer  : Tomcat initialized with port 8080 (http)
2024-09-09T22:56:58.525+05:30  INFO 16321 --- [assignment.manikjain] [main] o.apache.catalina.core.StandardService   : Starting service [Tomcat]
2024-09-09T22:56:58.525+05:30  INFO 16321 --- [assignment.manikjain] [main] o.apache.catalina.core.StandardEngine    : Starting Servlet engine: [Apache Tomcat/10.1.28]
2024-09-09T22:56:58.557+05:30  INFO 16321 --- [assignment.manikjain] [main] o.a.c.c.C.[Tomcat].[localhost].[/]       : Initializing Spring embedded WebApplicationContext
2024-09-09T22:56:58.558+05:30  INFO 16321 --- [assignment.manikjain] [main] w.s.c.ServletWebServerApplicationContext : Root WebApplicationContext: initialization completed in 858 ms
2024-09-09T22:56:58.627+05:30  INFO 16321 --- [assignment.manikjain] [main] com.zaxxer.hikari.HikariDataSource       : HikariPool-1 - Starting...
2024-09-09T22:56:58.707+05:30  INFO 16321 --- [assignment.manikjain] [main] com.zaxxer.hikari.pool.HikariPool        : HikariPool-1 - Added connection conn0: url=jdbc:h2:mem:nttdata user=ADMIN
2024-09-09T22:56:58.709+05:30  INFO 16321 --- [assignment.manikjain] [main] com.zaxxer.hikari.HikariDataSource       : HikariPool-1 - Start completed.
2024-09-09T22:56:58.715+05:30  INFO 16321 --- [assignment.manikjain] [main] o.s.b.a.h2.H2ConsoleAutoConfiguration    : H2 console available at '/h2-console'. Database available at 'jdbc:h2:mem:nttdata'
2024-09-09T22:56:58.802+05:30  INFO 16321 --- [assignment.manikjain] [main] o.hibernate.jpa.internal.util.LogHelper  : HHH000204: Processing PersistenceUnitInfo [name: default]
2024-09-09T22:56:58.828+05:30  INFO 16321 --- [assignment.manikjain] [main] org.hibernate.Version                    : HHH000412: Hibernate ORM core version 6.5.2.Final
2024-09-09T22:56:58.842+05:30  INFO 16321 --- [assignment.manikjain] [main] o.h.c.internal.RegionFactoryInitiator    : HHH000026: Second-level cache disabled
2024-09-09T22:56:58.962+05:30  INFO 16321 --- [assignment.manikjain] [main] o.s.o.j.p.SpringPersistenceUnitInfo      : No LoadTimeWeaver setup: ignoring JPA class transformer
2024-09-09T22:56:58.981+05:30  WARN 16321 --- [assignment.manikjain] [main] org.hibernate.orm.deprecation            : HHH90000025: H2Dialect does not need to be specified explicitly using 'hibernate.dialect' (remove the property setting and it will be selected by default)
2024-09-09T22:56:59.342+05:30  INFO 16321 --- [assignment.manikjain] [main] o.h.e.t.j.p.i.JtaPlatformInitiator       : HHH000489: No JTA platform available (set 'hibernate.transaction.jta.platform' to enable JTA platform integration)
2024-09-09T22:56:59.368+05:30  INFO 16321 --- [assignment.manikjain] [main] j.LocalContainerEntityManagerFactoryBean : Initialized JPA EntityManagerFactory for persistence unit 'default'
2024-09-09T22:56:59.592+05:30  WARN 16321 --- [assignment.manikjain] [main] JpaBaseConfiguration$JpaWebConfiguration : spring.jpa.open-in-view is enabled by default. Therefore, database queries may be performed during view rendering. Explicitly configure spring.jpa.open-in-view to disable this warning
2024-09-09T22:56:59.963+05:30  INFO 16321 --- [assignment.manikjain] [main] o.s.b.a.e.web.EndpointLinksResolver      : Exposing 15 endpoints beneath base path '/actuator'
2024-09-09T22:57:00.008+05:30  INFO 16321 --- [assignment.manikjain] [main] o.s.b.w.embedded.tomcat.TomcatWebServer  : Tomcat started on port 8080 (http) with context path '/'
2024-09-09T22:57:00.027+05:30  INFO 16321 --- [assignment.manikjain] [main] c.m.n.assignment.manikjain.Application   : Started Application in 2.544 seconds (process running for 2.739)
2024-09-09T22:57:14.049+05:30  INFO 16321 --- [assignment.manikjain] [http-nio-8080-exec-1] o.a.c.c.C.[Tomcat].[localhost].[/]       : Initializing Spring DispatcherServlet 'dispatcherServlet'
2024-09-09T22:57:14.050+05:30  INFO 16321 --- [assignment.manikjain] [http-nio-8080-exec-1] o.s.web.servlet.DispatcherServlet        : Initializing Servlet 'dispatcherServlet'
2024-09-09T22:57:14.051+05:30  INFO 16321 --- [assignment.manikjain] [http-nio-8080-exec-1] o.s.web.servlet.DispatcherServlet        : Completed initialization in 1 ms
2024-09-09T22:57:14.303+05:30  INFO 16321 --- [assignment.manikjain] [http-nio-8080-exec-4] o.springdoc.api.AbstractOpenApiResource  : Init duration for springdoc-openapi is: 132 ms
2024-09-09T22:58:08.869+05:30  INFO 16321 --- [assignment.manikjain] [SpringApplicationShutdownHook] j.LocalContainerEntityManagerFactoryBean : Closing JPA EntityManagerFactory for persistence unit 'default'
2024-09-09T22:58:08.872+05:30  INFO 16321 --- [assignment.manikjain] [SpringApplicationShutdownHook] com.zaxxer.hikari.HikariDataSource       : HikariPool-1 - Shutdown initiated...
2024-09-09T22:58:08.873+05:30  INFO 16321 --- [assignment.manikjain] [SpringApplicationShutdownHook] com.zaxxer.hikari.HikariDataSource       : HikariPool-1 - Shutdown completed.
2024-09-09T23:05:37.435+05:30  INFO 16462 --- [assignment.manikjain] [main] c.m.n.assignment.manikjain.Application   : Starting Application using Java 17.0.6 with PID 16462 (/Users/manikjain/SpringBoot/assignment.manikjain/target/classes started by manikjain in /Users/manikjain/SpringBoot/assignment.manikjain)
2024-09-09T23:05:37.437+05:30  INFO 16462 --- [assignment.manikjain] [main] c.m.n.assignment.manikjain.Application   : No active profile set, falling back to 1 default profile: "default"
2024-09-09T23:05:37.906+05:30  INFO 16462 --- [assignment.manikjain] [main] .s.d.r.c.RepositoryConfigurationDelegate : Bootstrapping Spring Data JPA repositories in DEFAULT mode.
2024-09-09T23:05:37.931+05:30  INFO 16462 --- [assignment.manikjain] [main] .s.d.r.c.RepositoryConfigurationDelegate : Finished Spring Data repository scanning in 21 ms. Found 1 JPA repository interface.
2024-09-09T23:05:38.246+05:30  INFO 16462 --- [assignment.manikjain] [main] o.s.b.w.embedded.tomcat.TomcatWebServer  : Tomcat initialized with port 8080 (http)
2024-09-09T23:05:38.252+05:30  INFO 16462 --- [assignment.manikjain] [main] o.apache.catalina.core.StandardService   : Starting service [Tomcat]
2024-09-09T23:05:38.252+05:30  INFO 16462 --- [assignment.manikjain] [main] o.apache.catalina.core.StandardEngine    : Starting Servlet engine: [Apache Tomcat/10.1.28]
2024-09-09T23:05:38.291+05:30  INFO 16462 --- [assignment.manikjain] [main] o.a.c.c.C.[Tomcat].[localhost].[/]       : Initializing Spring embedded WebApplicationContext
2024-09-09T23:05:38.291+05:30  INFO 16462 --- [assignment.manikjain] [main] w.s.c.ServletWebServerApplicationContext : Root WebApplicationContext: initialization completed in 831 ms
2024-09-09T23:05:38.351+05:30  INFO 16462 --- [assignment.manikjain] [main] com.zaxxer.hikari.HikariDataSource       : HikariPool-1 - Starting...
2024-09-09T23:05:38.430+05:30  INFO 16462 --- [assignment.manikjain] [main] com.zaxxer.hikari.pool.HikariPool        : HikariPool-1 - Added connection conn0: url=jdbc:h2:mem:nttdata user=ADMIN
2024-09-09T23:05:38.430+05:30  INFO 16462 --- [assignment.manikjain] [main] com.zaxxer.hikari.HikariDataSource       : HikariPool-1 - Start completed.
2024-09-09T23:05:38.436+05:30  INFO 16462 --- [assignment.manikjain] [main] o.s.b.a.h2.H2ConsoleAutoConfiguration    : H2 console available at '/h2-console'. Database available at 'jdbc:h2:mem:nttdata'
2024-09-09T23:05:38.527+05:30  INFO 16462 --- [assignment.manikjain] [main] o.hibernate.jpa.internal.util.LogHelper  : HHH000204: Processing PersistenceUnitInfo [name: default]
2024-09-09T23:05:38.547+05:30  INFO 16462 --- [assignment.manikjain] [main] org.hibernate.Version                    : HHH000412: Hibernate ORM core version 6.5.2.Final
2024-09-09T23:05:38.561+05:30  INFO 16462 --- [assignment.manikjain] [main] o.h.c.internal.RegionFactoryInitiator    : HHH000026: Second-level cache disabled
2024-09-09T23:05:38.675+05:30  INFO 16462 --- [assignment.manikjain] [main] o.s.o.j.p.SpringPersistenceUnitInfo      : No LoadTimeWeaver setup: ignoring JPA class transformer
2024-09-09T23:05:38.695+05:30  WARN 16462 --- [assignment.manikjain] [main] org.hibernate.orm.deprecation            : HHH90000025: H2Dialect does not need to be specified explicitly using 'hibernate.dialect' (remove the property setting and it will be selected by default)
2024-09-09T23:05:39.033+05:30  INFO 16462 --- [assignment.manikjain] [main] o.h.e.t.j.p.i.JtaPlatformInitiator       : HHH000489: No JTA platform available (set 'hibernate.transaction.jta.platform' to enable JTA platform integration)
2024-09-09T23:05:39.060+05:30  INFO 16462 --- [assignment.manikjain] [main] j.LocalContainerEntityManagerFactoryBean : Initialized JPA EntityManagerFactory for persistence unit 'default'
2024-09-09T23:05:39.295+05:30  WARN 16462 --- [assignment.manikjain] [main] JpaBaseConfiguration$JpaWebConfiguration : spring.jpa.open-in-view is enabled by default. Therefore, database queries may be performed during view rendering. Explicitly configure spring.jpa.open-in-view to disable this warning
2024-09-09T23:05:39.663+05:30  INFO 16462 --- [assignment.manikjain] [main] o.s.b.a.e.web.EndpointLinksResolver      : Exposing 15 endpoints beneath base path '/actuator'
2024-09-09T23:05:39.713+05:30  INFO 16462 --- [assignment.manikjain] [main] o.s.b.w.embedded.tomcat.TomcatWebServer  : Tomcat started on port 8080 (http) with context path '/'
2024-09-09T23:05:39.724+05:30  INFO 16462 --- [assignment.manikjain] [main] c.m.n.assignment.manikjain.Application   : Started Application in 2.483 seconds (process running for 2.678)
2024-09-09T23:05:46.621+05:30  INFO 16462 --- [assignment.manikjain] [http-nio-8080-exec-1] o.a.c.c.C.[Tomcat].[localhost].[/]       : Initializing Spring DispatcherServlet 'dispatcherServlet'
2024-09-09T23:05:46.621+05:30  INFO 16462 --- [assignment.manikjain] [http-nio-8080-exec-1] o.s.web.servlet.DispatcherServlet        : Initializing Servlet 'dispatcherServlet'
2024-09-09T23:05:46.622+05:30  INFO 16462 --- [assignment.manikjain] [http-nio-8080-exec-1] o.s.web.servlet.DispatcherServlet        : Completed initialization in 1 ms
2024-09-09T23:05:47.043+05:30  INFO 16462 --- [assignment.manikjain] [http-nio-8080-exec-4] o.springdoc.api.AbstractOpenApiResource  : Init duration for springdoc-openapi is: 215 ms
2024-09-09T23:07:02.454+05:30  INFO 16462 --- [assignment.manikjain] [SpringApplicationShutdownHook] j.LocalContainerEntityManagerFactoryBean : Closing JPA EntityManagerFactory for persistence unit 'default'
2024-09-09T23:07:02.457+05:30  INFO 16462 --- [assignment.manikjain] [SpringApplicationShutdownHook] com.zaxxer.hikari.HikariDataSource       : HikariPool-1 - Shutdown initiated...
2024-09-09T23:07:02.459+05:30  INFO 16462 --- [assignment.manikjain] [SpringApplicationShutdownHook] com.zaxxer.hikari.HikariDataSource       : HikariPool-1 - Shutdown completed.
2024-09-09T23:50:42.770+05:30  INFO 16964 --- [assignment.manikjain] [main] c.m.n.assignment.manikjain.Application   : Starting Application using Java 17.0.6 with PID 16964 (/Users/manikjain/SpringBoot/assignment.manikjain/target/classes started by manikjain in /Users/manikjain/SpringBoot/assignment.manikjain)
2024-09-09T23:50:42.773+05:30  INFO 16964 --- [assignment.manikjain] [main] c.m.n.assignment.manikjain.Application   : No active profile set, falling back to 1 default profile: "default"
2024-09-09T23:50:43.247+05:30  INFO 16964 --- [assignment.manikjain] [main] .s.d.r.c.RepositoryConfigurationDelegate : Bootstrapping Spring Data JPA repositories in DEFAULT mode.
2024-09-09T23:50:43.273+05:30  INFO 16964 --- [assignment.manikjain] [main] .s.d.r.c.RepositoryConfigurationDelegate : Finished Spring Data repository scanning in 22 ms. Found 1 JPA repository interface.
2024-09-09T23:50:43.597+05:30  INFO 16964 --- [assignment.manikjain] [main] o.s.b.w.embedded.tomcat.TomcatWebServer  : Tomcat initialized with port 8080 (http)
2024-09-09T23:50:43.603+05:30  INFO 16964 --- [assignment.manikjain] [main] o.apache.catalina.core.StandardService   : Starting service [Tomcat]
2024-09-09T23:50:43.603+05:30  INFO 16964 --- [assignment.manikjain] [main] o.apache.catalina.core.StandardEngine    : Starting Servlet engine: [Apache Tomcat/10.1.28]
2024-09-09T23:50:43.633+05:30  INFO 16964 --- [assignment.manikjain] [main] o.a.c.c.C.[Tomcat].[localhost].[/]       : Initializing Spring embedded WebApplicationContext
2024-09-09T23:50:43.633+05:30  INFO 16964 --- [assignment.manikjain] [main] w.s.c.ServletWebServerApplicationContext : Root WebApplicationContext: initialization completed in 837 ms
2024-09-09T23:50:43.705+05:30  INFO 16964 --- [assignment.manikjain] [main] com.zaxxer.hikari.HikariDataSource       : HikariPool-1 - Starting...
2024-09-09T23:50:43.782+05:30  INFO 16964 --- [assignment.manikjain] [main] com.zaxxer.hikari.pool.HikariPool        : HikariPool-1 - Added connection conn0: url=jdbc:h2:mem:nttdata user=ADMIN
2024-09-09T23:50:43.783+05:30  INFO 16964 --- [assignment.manikjain] [main] com.zaxxer.hikari.HikariDataSource       : HikariPool-1 - Start completed.
2024-09-09T23:50:43.788+05:30  INFO 16964 --- [assignment.manikjain] [main] o.s.b.a.h2.H2ConsoleAutoConfiguration    : H2 console available at '/h2-console'. Database available at 'jdbc:h2:mem:nttdata'
2024-09-09T23:50:43.871+05:30  INFO 16964 --- [assignment.manikjain] [main] o.hibernate.jpa.internal.util.LogHelper  : HHH000204: Processing PersistenceUnitInfo [name: default]
2024-09-09T23:50:43.892+05:30  INFO 16964 --- [assignment.manikjain] [main] org.hibernate.Version                    : HHH000412: Hibernate ORM core version 6.5.2.Final
2024-09-09T23:50:43.905+05:30  INFO 16964 --- [assignment.manikjain] [main] o.h.c.internal.RegionFactoryInitiator    : HHH000026: Second-level cache disabled
2024-09-09T23:50:44.020+05:30  INFO 16964 --- [assignment.manikjain] [main] o.s.o.j.p.SpringPersistenceUnitInfo      : No LoadTimeWeaver setup: ignoring JPA class transformer
2024-09-09T23:50:44.039+05:30  WARN 16964 --- [assignment.manikjain] [main] org.hibernate.orm.deprecation            : HHH90000025: H2Dialect does not need to be specified explicitly using 'hibernate.dialect' (remove the property setting and it will be selected by default)
2024-09-09T23:50:44.378+05:30  INFO 16964 --- [assignment.manikjain] [main] o.h.e.t.j.p.i.JtaPlatformInitiator       : HHH000489: No JTA platform available (set 'hibernate.transaction.jta.platform' to enable JTA platform integration)
2024-09-09T23:50:44.401+05:30  INFO 16964 --- [assignment.manikjain] [main] j.LocalContainerEntityManagerFactoryBean : Initialized JPA EntityManagerFactory for persistence unit 'default'
2024-09-09T23:50:44.622+05:30  WARN 16964 --- [assignment.manikjain] [main] JpaBaseConfiguration$JpaWebConfiguration : spring.jpa.open-in-view is enabled by default. Therefore, database queries may be performed during view rendering. Explicitly configure spring.jpa.open-in-view to disable this warning
2024-09-09T23:50:44.999+05:30  INFO 16964 --- [assignment.manikjain] [main] o.s.b.a.e.web.EndpointLinksResolver      : Exposing 15 endpoints beneath base path '/actuator'
2024-09-09T23:50:45.048+05:30  INFO 16964 --- [assignment.manikjain] [main] o.s.b.w.embedded.tomcat.TomcatWebServer  : Tomcat started on port 8080 (http) with context path '/'
2024-09-09T23:50:45.059+05:30  INFO 16964 --- [assignment.manikjain] [main] c.m.n.assignment.manikjain.Application   : Started Application in 2.484 seconds (process running for 2.68)
2024-09-09T23:50:55.558+05:30  INFO 16964 --- [assignment.manikjain] [http-nio-8080-exec-1] o.a.c.c.C.[Tomcat].[localhost].[/]       : Initializing Spring DispatcherServlet 'dispatcherServlet'
2024-09-09T23:50:55.559+05:30  INFO 16964 --- [assignment.manikjain] [http-nio-8080-exec-1] o.s.web.servlet.DispatcherServlet        : Initializing Servlet 'dispatcherServlet'
2024-09-09T23:50:55.560+05:30  INFO 16964 --- [assignment.manikjain] [http-nio-8080-exec-1] o.s.web.servlet.DispatcherServlet        : Completed initialization in 1 ms
2024-09-09T23:52:06.932+05:30  INFO 16964 --- [assignment.manikjain] [SpringApplicationShutdownHook] j.LocalContainerEntityManagerFactoryBean : Closing JPA EntityManagerFactory for persistence unit 'default'
2024-09-09T23:52:06.935+05:30  INFO 16964 --- [assignment.manikjain] [SpringApplicationShutdownHook] com.zaxxer.hikari.HikariDataSource       : HikariPool-1 - Shutdown initiated...
2024-09-09T23:52:06.936+05:30  INFO 16964 --- [assignment.manikjain] [SpringApplicationShutdownHook] com.zaxxer.hikari.HikariDataSource       : HikariPool-1 - Shutdown completed.
2024-09-09T23:52:20.344+05:30  INFO 16980 --- [assignment.manikjain] [main] c.m.n.a.m.c.PlayerControllerTest         : Starting PlayerControllerTest using Java 17.0.6 with PID 16980 (started by manikjain in /Users/manikjain/SpringBoot/assignment.manikjain)
2024-09-09T23:52:20.345+05:30  INFO 16980 --- [assignment.manikjain] [main] c.m.n.a.m.c.PlayerControllerTest         : No active profile set, falling back to 1 default profile: "default"
2024-09-09T23:52:21.318+05:30  INFO 16980 --- [assignment.manikjain] [main] o.s.b.t.m.w.SpringBootMockServletContext : Initializing Spring TestDispatcherServlet ''
2024-09-09T23:52:21.319+05:30  INFO 16980 --- [assignment.manikjain] [main] o.s.t.web.servlet.TestDispatcherServlet  : Initializing Servlet ''
2024-09-09T23:52:21.319+05:30  INFO 16980 --- [assignment.manikjain] [main] o.s.t.web.servlet.TestDispatcherServlet  : Completed initialization in 0 ms
2024-09-09T23:52:21.338+05:30  INFO 16980 --- [assignment.manikjain] [main] c.m.n.a.m.c.PlayerControllerTest         : Started PlayerControllerTest in 1.144 seconds (process running for 1.626)
2024-09-09T23:52:21.424+05:30  WARN 16980 --- [assignment.manikjain] [main] .w.s.m.s.DefaultHandlerExceptionResolver : Resolved [org.springframework.http.converter.HttpMessageNotReadableException: Required request body is missing: public com.mj.nttdata.assignment.manikjain.model.Player com.mj.nttdata.assignment.manikjain.controller.PlayerController.updatePlayer(com.mj.nttdata.assignment.manikjain.model.UpdatePlayer)]
2024-09-09T23:52:21.429+05:30  WARN 16980 --- [assignment.manikjain] [main] .w.s.m.s.DefaultHandlerExceptionResolver : Resolved [org.springframework.web.HttpRequestMethodNotSupportedException: Request method 'DELETE' is not supported]
2024-09-09T23:52:21.432+05:30  WARN 16980 --- [assignment.manikjain] [main] .w.s.m.s.DefaultHandlerExceptionResolver : Resolved [org.springframework.http.converter.HttpMessageNotReadableException: Required request body is missing: public com.mj.nttdata.assignment.manikjain.model.Player com.mj.nttdata.assignment.manikjain.controller.PlayerController.createPlayer(com.mj.nttdata.assignment.manikjain.model.CreatePlayer)]
2024-09-09T23:52:27.262+05:30  INFO 16982 --- [assignment.manikjain] [main] c.m.n.a.m.service.PlayerServiceTest      : Starting PlayerServiceTest using Java 17.0.6 with PID 16982 (started by manikjain in /Users/manikjain/SpringBoot/assignment.manikjain)
2024-09-09T23:52:27.262+05:30  INFO 16982 --- [assignment.manikjain] [main] c.m.n.a.m.service.PlayerServiceTest      : No active profile set, falling back to 1 default profile: "default"
2024-09-09T23:52:27.717+05:30  INFO 16982 --- [assignment.manikjain] [main] .s.d.r.c.RepositoryConfigurationDelegate : Bootstrapping Spring Data JPA repositories in DEFAULT mode.
2024-09-09T23:52:27.740+05:30  INFO 16982 --- [assignment.manikjain] [main] .s.d.r.c.RepositoryConfigurationDelegate : Finished Spring Data repository scanning in 19 ms. Found 1 JPA repository interface.
2024-09-09T23:52:28.619+05:30  INFO 16982 --- [assignment.manikjain] [main] o.hibernate.jpa.internal.util.LogHelper  : HHH000204: Processing PersistenceUnitInfo [name: default]
2024-09-09T23:52:28.650+05:30  INFO 16982 --- [assignment.manikjain] [main] org.hibernate.Version                    : HHH000412: Hibernate ORM core version 6.5.2.Final
2024-09-09T23:52:28.669+05:30  INFO 16982 --- [assignment.manikjain] [main] o.h.c.internal.RegionFactoryInitiator    : HHH000026: Second-level cache disabled
2024-09-09T23:52:28.730+05:30  INFO 16982 --- [assignment.manikjain] [main] o.s.o.j.p.SpringPersistenceUnitInfo      : No LoadTimeWeaver setup: ignoring JPA class transformer
2024-09-09T23:52:28.744+05:30  INFO 16982 --- [assignment.manikjain] [main] com.zaxxer.hikari.HikariDataSource       : HikariPool-1 - Starting...
2024-09-09T23:52:28.830+05:30  INFO 16982 --- [assignment.manikjain] [main] com.zaxxer.hikari.pool.HikariPool        : HikariPool-1 - Added connection conn0: url=jdbc:h2:mem:nttdata user=ADMIN
2024-09-09T23:52:28.831+05:30  INFO 16982 --- [assignment.manikjain] [main] com.zaxxer.hikari.HikariDataSource       : HikariPool-1 - Start completed.
2024-09-09T23:52:28.846+05:30  WARN 16982 --- [assignment.manikjain] [main] org.hibernate.orm.deprecation            : HHH90000025: H2Dialect does not need to be specified explicitly using 'hibernate.dialect' (remove the property setting and it will be selected by default)
2024-09-09T23:52:29.184+05:30  INFO 16982 --- [assignment.manikjain] [main] o.h.e.t.j.p.i.JtaPlatformInitiator       : HHH000489: No JTA platform available (set 'hibernate.transaction.jta.platform' to enable JTA platform integration)
2024-09-09T23:52:29.213+05:30  INFO 16982 --- [assignment.manikjain] [main] j.LocalContainerEntityManagerFactoryBean : Initialized JPA EntityManagerFactory for persistence unit 'default'
2024-09-09T23:52:29.394+05:30  WARN 16982 --- [assignment.manikjain] [main] JpaBaseConfiguration$JpaWebConfiguration : spring.jpa.open-in-view is enabled by default. Therefore, database queries may be performed during view rendering. Explicitly configure spring.jpa.open-in-view to disable this warning
2024-09-09T23:52:29.919+05:30  INFO 16982 --- [assignment.manikjain] [main] o.s.b.a.h2.H2ConsoleAutoConfiguration    : H2 console available at '/h2-console'. Database available at 'jdbc:h2:mem:nttdata'
2024-09-09T23:52:29.943+05:30  INFO 16982 --- [assignment.manikjain] [main] o.s.b.a.e.web.EndpointLinksResolver      : Exposing 15 endpoints beneath base path '/actuator'
2024-09-09T23:52:29.991+05:30  INFO 16982 --- [assignment.manikjain] [main] c.m.n.a.m.service.PlayerServiceTest      : Started PlayerServiceTest in 2.859 seconds (process running for 3.3)
2024-09-09T23:52:30.065+05:30  INFO 16982 --- [assignment.manikjain] [SpringApplicationShutdownHook] j.LocalContainerEntityManagerFactoryBean : Closing JPA EntityManagerFactory for persistence unit 'default'
2024-09-09T23:52:30.067+05:30  INFO 16982 --- [assignment.manikjain] [SpringApplicationShutdownHook] com.zaxxer.hikari.HikariDataSource       : HikariPool-1 - Shutdown initiated...
2024-09-09T23:52:30.068+05:30  INFO 16982 --- [assignment.manikjain] [SpringApplicationShutdownHook] com.zaxxer.hikari.HikariDataSource       : HikariPool-1 - Shutdown completed.
